<?xml version="1.0" encoding="UTF-8"?>
<testsuite name="o.s.audio.data.DynamicAssetThreeRegionSelectorTests" tests="42" skipped="0" failures="0" errors="0" timestamp="2024-03-01T00:15:03" hostname="192.168.1.129" time="0.012">
  <properties/>
  <testcase name="testDefaultThreeRegionSelector[0: Diff: 0.0, Expected: (0, 1.0), Input: Location(sourceLoc=lat/lng: (0.0,0.0), userHeading=0.0, userLoc=lat/lng: (0.0,0.0))]" classname="o.s.audio.data.DynamicAssetThreeRegionSelectorTests" time="0.001"/>
  <testcase name="testDefaultThreeRegionSelector[1: Diff: 14.9, Expected: (0, 1.0), Input: Location(sourceLoc=lat/lng: (0.0,0.0), userHeading=14.9, userLoc=lat/lng: (0.0,0.0))]" classname="o.s.audio.data.DynamicAssetThreeRegionSelectorTests" time="0.0"/>
  <testcase name="testDefaultThreeRegionSelector[2: Diff: 15.0, Expected: (0, 1.0), Input: Location(sourceLoc=lat/lng: (0.0,0.0), userHeading=15.0, userLoc=lat/lng: (0.0,0.0))]" classname="o.s.audio.data.DynamicAssetThreeRegionSelectorTests" time="0.001"/>
  <testcase name="testDefaultThreeRegionSelector[3: Diff: 345.0, Expected: (0, 1.0), Input: Location(sourceLoc=lat/lng: (0.0,0.0), userHeading=345.0, userLoc=lat/lng: (0.0,0.0))]" classname="o.s.audio.data.DynamicAssetThreeRegionSelectorTests" time="0.0"/>
  <testcase name="testDefaultThreeRegionSelector[4: Diff: 345.1, Expected: (0, 1.0), Input: Location(sourceLoc=lat/lng: (0.0,0.0), userHeading=345.1, userLoc=lat/lng: (0.0,0.0))]" classname="o.s.audio.data.DynamicAssetThreeRegionSelectorTests" time="0.001"/>
  <testcase name="testDefaultThreeRegionSelector[5: Diff: 15.1, Expected: (1, 1.0), Input: Location(sourceLoc=lat/lng: (0.0,0.0), userHeading=15.1, userLoc=lat/lng: (0.0,0.0))]" classname="o.s.audio.data.DynamicAssetThreeRegionSelectorTests" time="0.0"/>
  <testcase name="testDefaultThreeRegionSelector[6: Diff: 124.9, Expected: (1, 1.0), Input: Location(sourceLoc=lat/lng: (0.0,0.0), userHeading=124.9, userLoc=lat/lng: (0.0,0.0))]" classname="o.s.audio.data.DynamicAssetThreeRegionSelectorTests" time="0.001"/>
  <testcase name="testDefaultThreeRegionSelector[7: Diff: 125.0, Expected: (1, 1.0), Input: Location(sourceLoc=lat/lng: (0.0,0.0), userHeading=125.0, userLoc=lat/lng: (0.0,0.0))]" classname="o.s.audio.data.DynamicAssetThreeRegionSelectorTests" time="0.0"/>
  <testcase name="testDefaultThreeRegionSelector[8: Diff: 235.0, Expected: (1, 1.0), Input: Location(sourceLoc=lat/lng: (0.0,0.0), userHeading=235.0, userLoc=lat/lng: (0.0,0.0))]" classname="o.s.audio.data.DynamicAssetThreeRegionSelectorTests" time="0.001"/>
  <testcase name="testDefaultThreeRegionSelector[9: Diff: 235.1, Expected: (1, 1.0), Input: Location(sourceLoc=lat/lng: (0.0,0.0), userHeading=235.1, userLoc=lat/lng: (0.0,0.0))]" classname="o.s.audio.data.DynamicAssetThreeRegionSelectorTests" time="0.0"/>
  <testcase name="testDefaultThreeRegionSelector[10: Diff: 344.9, Expected: (1, 1.0), Input: Location(sourceLoc=lat/lng: (0.0,0.0), userHeading=344.9, userLoc=lat/lng: (0.0,0.0))]" classname="o.s.audio.data.DynamicAssetThreeRegionSelectorTests" time="0.0"/>
  <testcase name="testDefaultThreeRegionSelector[11: Diff: 125.1, Expected: (2, 1.0), Input: Location(sourceLoc=lat/lng: (0.0,0.0), userHeading=125.1, userLoc=lat/lng: (0.0,0.0))]" classname="o.s.audio.data.DynamicAssetThreeRegionSelectorTests" time="0.001"/>
  <testcase name="testDefaultThreeRegionSelector[12: Diff: 234.9, Expected: (2, 1.0), Input: Location(sourceLoc=lat/lng: (0.0,0.0), userHeading=234.9, userLoc=lat/lng: (0.0,0.0))]" classname="o.s.audio.data.DynamicAssetThreeRegionSelectorTests" time="0.001"/>
  <testcase name="testDefaultThreeRegionSelector[13: Diff: 180.0, Expected: (2, 1.0), Input: Location(sourceLoc=lat/lng: (0.0,0.0), userHeading=180.0, userLoc=lat/lng: (0.0,0.0))]" classname="o.s.audio.data.DynamicAssetThreeRegionSelectorTests" time="0.0"/>
  <testcase name="testDefaultThreeRegionSelector[14: Diff: 0.0, Expected: (0, 1.0), Input: Direction(sourceDir=259.84118972251713, userDir=259.84118972251713)]" classname="o.s.audio.data.DynamicAssetThreeRegionSelectorTests" time="0.001"/>
  <testcase name="testDefaultThreeRegionSelector[15: Diff: 14.9, Expected: (0, 1.0), Input: Direction(sourceDir=8.108080420485935, userDir=23.008080420485935)]" classname="o.s.audio.data.DynamicAssetThreeRegionSelectorTests" time="0.0"/>
  <testcase name="testDefaultThreeRegionSelector[16: Diff: 15.0, Expected: (0, 1.0), Input: Direction(sourceDir=149.29839052250892, userDir=164.29839052250892)]" classname="o.s.audio.data.DynamicAssetThreeRegionSelectorTests" time="0.0"/>
  <testcase name="testDefaultThreeRegionSelector[17: Diff: 345.0, Expected: (0, 1.0), Input: Direction(sourceDir=11.848838401490834, userDir=356.8488384014908)]" classname="o.s.audio.data.DynamicAssetThreeRegionSelectorTests" time="0.0"/>
  <testcase name="testDefaultThreeRegionSelector[18: Diff: 345.1, Expected: (0, 1.0), Input: Direction(sourceDir=14.343714122810473, userDir=359.4437141228105)]" classname="o.s.audio.data.DynamicAssetThreeRegionSelectorTests" time="0.0"/>
  <testcase name="testDefaultThreeRegionSelector[19: Diff: 15.1, Expected: (1, 1.0), Input: Direction(sourceDir=8.046405668699228, userDir=23.146405668699227)]" classname="o.s.audio.data.DynamicAssetThreeRegionSelectorTests" time="0.0"/>
  <testcase name="testDefaultThreeRegionSelector[20: Diff: 124.9, Expected: (1, 1.0), Input: Direction(sourceDir=101.63619930540395, userDir=226.53619930540395)]" classname="o.s.audio.data.DynamicAssetThreeRegionSelectorTests" time="0.0"/>
  <testcase name="testDefaultThreeRegionSelector[21: Diff: 125.0, Expected: (1, 1.0), Input: Direction(sourceDir=201.9069860860838, userDir=326.9069860860838)]" classname="o.s.audio.data.DynamicAssetThreeRegionSelectorTests" time="0.0"/>
  <testcase name="testDefaultThreeRegionSelector[22: Diff: 235.0, Expected: (1, 1.0), Input: Direction(sourceDir=4.802650885476211, userDir=239.80265088547623)]" classname="o.s.audio.data.DynamicAssetThreeRegionSelectorTests" time="0.0"/>
  <testcase name="testDefaultThreeRegionSelector[23: Diff: 235.1, Expected: (1, 1.0), Input: Direction(sourceDir=59.53116210229886, userDir=294.63116210229884)]" classname="o.s.audio.data.DynamicAssetThreeRegionSelectorTests" time="0.0"/>
  <testcase name="testDefaultThreeRegionSelector[24: Diff: 344.9, Expected: (1, 1.0), Input: Direction(sourceDir=4.27118186956855, userDir=349.1711818695685)]" classname="o.s.audio.data.DynamicAssetThreeRegionSelectorTests" time="0.0"/>
  <testcase name="testDefaultThreeRegionSelector[25: Diff: 125.1, Expected: (2, 1.0), Input: Direction(sourceDir=36.82118593604407, userDir=161.92118593604405)]" classname="o.s.audio.data.DynamicAssetThreeRegionSelectorTests" time="0.0"/>
  <testcase name="testDefaultThreeRegionSelector[26: Diff: 234.9, Expected: (2, 1.0), Input: Direction(sourceDir=93.63258859415353, userDir=328.53258859415354)]" classname="o.s.audio.data.DynamicAssetThreeRegionSelectorTests" time="0.0"/>
  <testcase name="testDefaultThreeRegionSelector[27: Diff: 180.0, Expected: (2, 1.0), Input: Direction(sourceDir=11.357300976161056, userDir=191.35730097616107)]" classname="o.s.audio.data.DynamicAssetThreeRegionSelectorTests" time="0.0"/>
  <testcase name="testDefaultThreeRegionSelector[28: Diff: 0.0, Expected: (0, 1.0), Input: PinnedDirection(direction=0.0)]" classname="o.s.audio.data.DynamicAssetThreeRegionSelectorTests" time="0.0"/>
  <testcase name="testDefaultThreeRegionSelector[29: Diff: 14.9, Expected: (0, 1.0), Input: PinnedDirection(direction=14.9)]" classname="o.s.audio.data.DynamicAssetThreeRegionSelectorTests" time="0.0"/>
  <testcase name="testDefaultThreeRegionSelector[30: Diff: 15.0, Expected: (0, 1.0), Input: PinnedDirection(direction=15.0)]" classname="o.s.audio.data.DynamicAssetThreeRegionSelectorTests" time="0.0"/>
  <testcase name="testDefaultThreeRegionSelector[31: Diff: 345.0, Expected: (0, 1.0), Input: PinnedDirection(direction=345.0)]" classname="o.s.audio.data.DynamicAssetThreeRegionSelectorTests" time="0.0"/>
  <testcase name="testDefaultThreeRegionSelector[32: Diff: 345.1, Expected: (0, 1.0), Input: PinnedDirection(direction=345.1)]" classname="o.s.audio.data.DynamicAssetThreeRegionSelectorTests" time="0.001"/>
  <testcase name="testDefaultThreeRegionSelector[33: Diff: 15.1, Expected: (1, 1.0), Input: PinnedDirection(direction=15.1)]" classname="o.s.audio.data.DynamicAssetThreeRegionSelectorTests" time="0.0"/>
  <testcase name="testDefaultThreeRegionSelector[34: Diff: 124.9, Expected: (1, 1.0), Input: PinnedDirection(direction=124.9)]" classname="o.s.audio.data.DynamicAssetThreeRegionSelectorTests" time="0.0"/>
  <testcase name="testDefaultThreeRegionSelector[35: Diff: 125.0, Expected: (1, 1.0), Input: PinnedDirection(direction=125.0)]" classname="o.s.audio.data.DynamicAssetThreeRegionSelectorTests" time="0.0"/>
  <testcase name="testDefaultThreeRegionSelector[36: Diff: 235.0, Expected: (1, 1.0), Input: PinnedDirection(direction=235.0)]" classname="o.s.audio.data.DynamicAssetThreeRegionSelectorTests" time="0.0"/>
  <testcase name="testDefaultThreeRegionSelector[37: Diff: 235.1, Expected: (1, 1.0), Input: PinnedDirection(direction=235.1)]" classname="o.s.audio.data.DynamicAssetThreeRegionSelectorTests" time="0.0"/>
  <testcase name="testDefaultThreeRegionSelector[38: Diff: 344.9, Expected: (1, 1.0), Input: PinnedDirection(direction=344.9)]" classname="o.s.audio.data.DynamicAssetThreeRegionSelectorTests" time="0.0"/>
  <testcase name="testDefaultThreeRegionSelector[39: Diff: 125.1, Expected: (2, 1.0), Input: PinnedDirection(direction=125.1)]" classname="o.s.audio.data.DynamicAssetThreeRegionSelectorTests" time="0.0"/>
  <testcase name="testDefaultThreeRegionSelector[40: Diff: 234.9, Expected: (2, 1.0), Input: PinnedDirection(direction=234.9)]" classname="o.s.audio.data.DynamicAssetThreeRegionSelectorTests" time="0.0"/>
  <testcase name="testDefaultThreeRegionSelector[41: Diff: 180.0, Expected: (2, 1.0), Input: PinnedDirection(direction=180.0)]" classname="o.s.audio.data.DynamicAssetThreeRegionSelectorTests" time="0.0"/>
  <system-out><![CDATA[]]></system-out>
  <system-err><![CDATA[]]></system-err>
</testsuite>
