<?xml version="1.0" encoding="UTF-8"?>
<testsuite name="o.s.audio.data.DynamicAssetSelectorGetterTests" tests="1" skipped="0" failures="0" errors="0" timestamp="2024-03-01T00:15:03" hostname="192.168.1.129" time="0.001">
  <properties/>
  <testcase name="testDefaultSelectorGetter" classname="o.s.audio.data.DynamicAssetSelectorGetterTests" time="0.001"/>
  <system-out><![CDATA[]]></system-out>
  <system-err><![CDATA[]]></system-err>
</testsuite>
