<?xml version="1.0" encoding="UTF-8"?>
<testsuite name="o.s.events.TestThrottleLatest" tests="2" skipped="0" failures="0" errors="0" timestamp="2024-02-29T22:31:37" hostname="192.168.1.129" time="6.807">
  <properties/>
  <testcase name="throttle_correctness" classname="o.s.events.TestThrottleLatest" time="4.082"/>
  <testcase name="throttle_correctness_continuous" classname="o.s.events.TestThrottleLatest" time="2.724"/>
  <system-out><![CDATA[]]></system-out>
  <system-err><![CDATA[]]></system-err>
</testsuite>
