<?xml version="1.0" encoding="UTF-8"?>
<testsuite name="o.s.audio.data.DynamicAssetFourRegionSelectorTests" tests="57" skipped="0" failures="0" errors="0" timestamp="2024-03-01T00:15:02" hostname="192.168.1.129" time="0.887">
  <properties/>
  <testcase name="testDefaultFourRegionSelector[0: Diff: 0.0, Expected: (0, 1.0), Input: Location(sourceLoc=lat/lng: (0.0,0.0), userHeading=0.0, userLoc=lat/lng: (0.0,0.0))]" classname="o.s.audio.data.DynamicAssetFourRegionSelectorTests" time="0.858"/>
  <testcase name="testDefaultFourRegionSelector[1: Diff: 14.9, Expected: (0, 1.0), Input: Location(sourceLoc=lat/lng: (0.0,0.0), userHeading=14.9, userLoc=lat/lng: (0.0,0.0))]" classname="o.s.audio.data.DynamicAssetFourRegionSelectorTests" time="0.001"/>
  <testcase name="testDefaultFourRegionSelector[2: Diff: 15.0, Expected: (0, 1.0), Input: Location(sourceLoc=lat/lng: (0.0,0.0), userHeading=15.0, userLoc=lat/lng: (0.0,0.0))]" classname="o.s.audio.data.DynamicAssetFourRegionSelectorTests" time="0.001"/>
  <testcase name="testDefaultFourRegionSelector[3: Diff: 345.0, Expected: (0, 1.0), Input: Location(sourceLoc=lat/lng: (0.0,0.0), userHeading=345.0, userLoc=lat/lng: (0.0,0.0))]" classname="o.s.audio.data.DynamicAssetFourRegionSelectorTests" time="0.001"/>
  <testcase name="testDefaultFourRegionSelector[4: Diff: 345.1, Expected: (0, 1.0), Input: Location(sourceLoc=lat/lng: (0.0,0.0), userHeading=345.1, userLoc=lat/lng: (0.0,0.0))]" classname="o.s.audio.data.DynamicAssetFourRegionSelectorTests" time="0.001"/>
  <testcase name="testDefaultFourRegionSelector[5: Diff: 15.1, Expected: (1, 1.0), Input: Location(sourceLoc=lat/lng: (0.0,0.0), userHeading=15.1, userLoc=lat/lng: (0.0,0.0))]" classname="o.s.audio.data.DynamicAssetFourRegionSelectorTests" time="0.0"/>
  <testcase name="testDefaultFourRegionSelector[6: Diff: 54.9, Expected: (1, 1.0), Input: Location(sourceLoc=lat/lng: (0.0,0.0), userHeading=54.9, userLoc=lat/lng: (0.0,0.0))]" classname="o.s.audio.data.DynamicAssetFourRegionSelectorTests" time="0.0"/>
  <testcase name="testDefaultFourRegionSelector[7: Diff: 55.0, Expected: (1, 1.0), Input: Location(sourceLoc=lat/lng: (0.0,0.0), userHeading=55.0, userLoc=lat/lng: (0.0,0.0))]" classname="o.s.audio.data.DynamicAssetFourRegionSelectorTests" time="0.001"/>
  <testcase name="testDefaultFourRegionSelector[8: Diff: 305.0, Expected: (1, 1.0), Input: Location(sourceLoc=lat/lng: (0.0,0.0), userHeading=305.0, userLoc=lat/lng: (0.0,0.0))]" classname="o.s.audio.data.DynamicAssetFourRegionSelectorTests" time="0.001"/>
  <testcase name="testDefaultFourRegionSelector[9: Diff: 305.1, Expected: (1, 1.0), Input: Location(sourceLoc=lat/lng: (0.0,0.0), userHeading=305.1, userLoc=lat/lng: (0.0,0.0))]" classname="o.s.audio.data.DynamicAssetFourRegionSelectorTests" time="0.001"/>
  <testcase name="testDefaultFourRegionSelector[10: Diff: 344.9, Expected: (1, 1.0), Input: Location(sourceLoc=lat/lng: (0.0,0.0), userHeading=344.9, userLoc=lat/lng: (0.0,0.0))]" classname="o.s.audio.data.DynamicAssetFourRegionSelectorTests" time="0.001"/>
  <testcase name="testDefaultFourRegionSelector[11: Diff: 55.1, Expected: (2, 1.0), Input: Location(sourceLoc=lat/lng: (0.0,0.0), userHeading=55.1, userLoc=lat/lng: (0.0,0.0))]" classname="o.s.audio.data.DynamicAssetFourRegionSelectorTests" time="0.001"/>
  <testcase name="testDefaultFourRegionSelector[12: Diff: 124.9, Expected: (2, 1.0), Input: Location(sourceLoc=lat/lng: (0.0,0.0), userHeading=124.9, userLoc=lat/lng: (0.0,0.0))]" classname="o.s.audio.data.DynamicAssetFourRegionSelectorTests" time="0.0"/>
  <testcase name="testDefaultFourRegionSelector[13: Diff: 125.0, Expected: (2, 1.0), Input: Location(sourceLoc=lat/lng: (0.0,0.0), userHeading=125.0, userLoc=lat/lng: (0.0,0.0))]" classname="o.s.audio.data.DynamicAssetFourRegionSelectorTests" time="0.001"/>
  <testcase name="testDefaultFourRegionSelector[14: Diff: 235.0, Expected: (2, 1.0), Input: Location(sourceLoc=lat/lng: (0.0,0.0), userHeading=235.0, userLoc=lat/lng: (0.0,0.0))]" classname="o.s.audio.data.DynamicAssetFourRegionSelectorTests" time="0.001"/>
  <testcase name="testDefaultFourRegionSelector[15: Diff: 235.1, Expected: (2, 1.0), Input: Location(sourceLoc=lat/lng: (0.0,0.0), userHeading=235.1, userLoc=lat/lng: (0.0,0.0))]" classname="o.s.audio.data.DynamicAssetFourRegionSelectorTests" time="0.001"/>
  <testcase name="testDefaultFourRegionSelector[16: Diff: 125.1, Expected: (3, 1.0), Input: Location(sourceLoc=lat/lng: (0.0,0.0), userHeading=125.1, userLoc=lat/lng: (0.0,0.0))]" classname="o.s.audio.data.DynamicAssetFourRegionSelectorTests" time="0.002"/>
  <testcase name="testDefaultFourRegionSelector[17: Diff: 234.9, Expected: (3, 1.0), Input: Location(sourceLoc=lat/lng: (0.0,0.0), userHeading=234.9, userLoc=lat/lng: (0.0,0.0))]" classname="o.s.audio.data.DynamicAssetFourRegionSelectorTests" time="0.001"/>
  <testcase name="testDefaultFourRegionSelector[18: Diff: 180.0, Expected: (3, 1.0), Input: Location(sourceLoc=lat/lng: (0.0,0.0), userHeading=180.0, userLoc=lat/lng: (0.0,0.0))]" classname="o.s.audio.data.DynamicAssetFourRegionSelectorTests" time="0.001"/>
  <testcase name="testDefaultFourRegionSelector[19: Diff: 0.0, Expected: (0, 1.0), Input: Direction(sourceDir=326.3898386399905, userDir=326.3898386399905)]" classname="o.s.audio.data.DynamicAssetFourRegionSelectorTests" time="0.0"/>
  <testcase name="testDefaultFourRegionSelector[20: Diff: 14.9, Expected: (0, 1.0), Input: Direction(sourceDir=3.546030730817525, userDir=18.446030730817526)]" classname="o.s.audio.data.DynamicAssetFourRegionSelectorTests" time="0.0"/>
  <testcase name="testDefaultFourRegionSelector[21: Diff: 15.0, Expected: (0, 1.0), Input: Direction(sourceDir=7.734942257932375, userDir=22.734942257932374)]" classname="o.s.audio.data.DynamicAssetFourRegionSelectorTests" time="0.0"/>
  <testcase name="testDefaultFourRegionSelector[22: Diff: 345.0, Expected: (0, 1.0), Input: Direction(sourceDir=3.7697600908007445, userDir=348.76976009080073)]" classname="o.s.audio.data.DynamicAssetFourRegionSelectorTests" time="0.0"/>
  <testcase name="testDefaultFourRegionSelector[23: Diff: 345.1, Expected: (0, 1.0), Input: Direction(sourceDir=11.094073981710816, userDir=356.19407398171086)]" classname="o.s.audio.data.DynamicAssetFourRegionSelectorTests" time="0.0"/>
  <testcase name="testDefaultFourRegionSelector[24: Diff: 15.1, Expected: (1, 1.0), Input: Direction(sourceDir=0.09734554590653421, userDir=15.197345545906535)]" classname="o.s.audio.data.DynamicAssetFourRegionSelectorTests" time="0.0"/>
  <testcase name="testDefaultFourRegionSelector[25: Diff: 54.9, Expected: (1, 1.0), Input: Direction(sourceDir=59.86785190615132, userDir=114.76785190615132)]" classname="o.s.audio.data.DynamicAssetFourRegionSelectorTests" time="0.0"/>
  <testcase name="testDefaultFourRegionSelector[26: Diff: 55.0, Expected: (1, 1.0), Input: Direction(sourceDir=41.06507321619951, userDir=96.06507321619951)]" classname="o.s.audio.data.DynamicAssetFourRegionSelectorTests" time="0.0"/>
  <testcase name="testDefaultFourRegionSelector[27: Diff: 305.0, Expected: (1, 1.0), Input: Direction(sourceDir=10.647452924022273, userDir=315.6474529240223)]" classname="o.s.audio.data.DynamicAssetFourRegionSelectorTests" time="0.0"/>
  <testcase name="testDefaultFourRegionSelector[28: Diff: 305.1, Expected: (1, 1.0), Input: Direction(sourceDir=4.530800711235925, userDir=309.63080071123596)]" classname="o.s.audio.data.DynamicAssetFourRegionSelectorTests" time="0.001"/>
  <testcase name="testDefaultFourRegionSelector[29: Diff: 344.9, Expected: (1, 1.0), Input: Direction(sourceDir=13.908337786557682, userDir=358.8083377865577)]" classname="o.s.audio.data.DynamicAssetFourRegionSelectorTests" time="0.0"/>
  <testcase name="testDefaultFourRegionSelector[30: Diff: 55.1, Expected: (2, 1.0), Input: Direction(sourceDir=30.147970636314348, userDir=85.24797063631435)]" classname="o.s.audio.data.DynamicAssetFourRegionSelectorTests" time="0.0"/>
  <testcase name="testDefaultFourRegionSelector[31: Diff: 124.9, Expected: (2, 1.0), Input: Direction(sourceDir=48.03985953630621, userDir=172.93985953630622)]" classname="o.s.audio.data.DynamicAssetFourRegionSelectorTests" time="0.0"/>
  <testcase name="testDefaultFourRegionSelector[32: Diff: 125.0, Expected: (2, 1.0), Input: Direction(sourceDir=201.01247071326497, userDir=326.012470713265)]" classname="o.s.audio.data.DynamicAssetFourRegionSelectorTests" time="0.001"/>
  <testcase name="testDefaultFourRegionSelector[33: Diff: 235.0, Expected: (2, 1.0), Input: Direction(sourceDir=110.71673455700387, userDir=345.71673455700386)]" classname="o.s.audio.data.DynamicAssetFourRegionSelectorTests" time="0.0"/>
  <testcase name="testDefaultFourRegionSelector[34: Diff: 235.1, Expected: (2, 1.0), Input: Direction(sourceDir=27.11624046407073, userDir=262.2162404640707)]" classname="o.s.audio.data.DynamicAssetFourRegionSelectorTests" time="0.0"/>
  <testcase name="testDefaultFourRegionSelector[35: Diff: 125.1, Expected: (3, 1.0), Input: Direction(sourceDir=128.46976526391668, userDir=253.56976526391668)]" classname="o.s.audio.data.DynamicAssetFourRegionSelectorTests" time="0.0"/>
  <testcase name="testDefaultFourRegionSelector[36: Diff: 234.9, Expected: (3, 1.0), Input: Direction(sourceDir=19.953285288533117, userDir=254.85328528853313)]" classname="o.s.audio.data.DynamicAssetFourRegionSelectorTests" time="0.0"/>
  <testcase name="testDefaultFourRegionSelector[37: Diff: 180.0, Expected: (3, 1.0), Input: Direction(sourceDir=82.7817546405757, userDir=262.7817546405757)]" classname="o.s.audio.data.DynamicAssetFourRegionSelectorTests" time="0.0"/>
  <testcase name="testDefaultFourRegionSelector[38: Diff: 0.0, Expected: (0, 1.0), Input: PinnedDirection(direction=0.0)]" classname="o.s.audio.data.DynamicAssetFourRegionSelectorTests" time="0.0"/>
  <testcase name="testDefaultFourRegionSelector[39: Diff: 14.9, Expected: (0, 1.0), Input: PinnedDirection(direction=14.9)]" classname="o.s.audio.data.DynamicAssetFourRegionSelectorTests" time="0.0"/>
  <testcase name="testDefaultFourRegionSelector[40: Diff: 15.0, Expected: (0, 1.0), Input: PinnedDirection(direction=15.0)]" classname="o.s.audio.data.DynamicAssetFourRegionSelectorTests" time="0.0"/>
  <testcase name="testDefaultFourRegionSelector[41: Diff: 345.0, Expected: (0, 1.0), Input: PinnedDirection(direction=345.0)]" classname="o.s.audio.data.DynamicAssetFourRegionSelectorTests" time="0.0"/>
  <testcase name="testDefaultFourRegionSelector[42: Diff: 345.1, Expected: (0, 1.0), Input: PinnedDirection(direction=345.1)]" classname="o.s.audio.data.DynamicAssetFourRegionSelectorTests" time="0.0"/>
  <testcase name="testDefaultFourRegionSelector[43: Diff: 15.1, Expected: (1, 1.0), Input: PinnedDirection(direction=15.1)]" classname="o.s.audio.data.DynamicAssetFourRegionSelectorTests" time="0.0"/>
  <testcase name="testDefaultFourRegionSelector[44: Diff: 54.9, Expected: (1, 1.0), Input: PinnedDirection(direction=54.9)]" classname="o.s.audio.data.DynamicAssetFourRegionSelectorTests" time="0.0"/>
  <testcase name="testDefaultFourRegionSelector[45: Diff: 55.0, Expected: (1, 1.0), Input: PinnedDirection(direction=55.0)]" classname="o.s.audio.data.DynamicAssetFourRegionSelectorTests" time="0.0"/>
  <testcase name="testDefaultFourRegionSelector[46: Diff: 305.0, Expected: (1, 1.0), Input: PinnedDirection(direction=305.0)]" classname="o.s.audio.data.DynamicAssetFourRegionSelectorTests" time="0.0"/>
  <testcase name="testDefaultFourRegionSelector[47: Diff: 305.1, Expected: (1, 1.0), Input: PinnedDirection(direction=305.1)]" classname="o.s.audio.data.DynamicAssetFourRegionSelectorTests" time="0.0"/>
  <testcase name="testDefaultFourRegionSelector[48: Diff: 344.9, Expected: (1, 1.0), Input: PinnedDirection(direction=344.9)]" classname="o.s.audio.data.DynamicAssetFourRegionSelectorTests" time="0.0"/>
  <testcase name="testDefaultFourRegionSelector[49: Diff: 55.1, Expected: (2, 1.0), Input: PinnedDirection(direction=55.1)]" classname="o.s.audio.data.DynamicAssetFourRegionSelectorTests" time="0.0"/>
  <testcase name="testDefaultFourRegionSelector[50: Diff: 124.9, Expected: (2, 1.0), Input: PinnedDirection(direction=124.9)]" classname="o.s.audio.data.DynamicAssetFourRegionSelectorTests" time="0.0"/>
  <testcase name="testDefaultFourRegionSelector[51: Diff: 125.0, Expected: (2, 1.0), Input: PinnedDirection(direction=125.0)]" classname="o.s.audio.data.DynamicAssetFourRegionSelectorTests" time="0.0"/>
  <testcase name="testDefaultFourRegionSelector[52: Diff: 235.0, Expected: (2, 1.0), Input: PinnedDirection(direction=235.0)]" classname="o.s.audio.data.DynamicAssetFourRegionSelectorTests" time="0.0"/>
  <testcase name="testDefaultFourRegionSelector[53: Diff: 235.1, Expected: (2, 1.0), Input: PinnedDirection(direction=235.1)]" classname="o.s.audio.data.DynamicAssetFourRegionSelectorTests" time="0.0"/>
  <testcase name="testDefaultFourRegionSelector[54: Diff: 125.1, Expected: (3, 1.0), Input: PinnedDirection(direction=125.1)]" classname="o.s.audio.data.DynamicAssetFourRegionSelectorTests" time="0.0"/>
  <testcase name="testDefaultFourRegionSelector[55: Diff: 234.9, Expected: (3, 1.0), Input: PinnedDirection(direction=234.9)]" classname="o.s.audio.data.DynamicAssetFourRegionSelectorTests" time="0.0"/>
  <testcase name="testDefaultFourRegionSelector[56: Diff: 180.0, Expected: (3, 1.0), Input: PinnedDirection(direction=180.0)]" classname="o.s.audio.data.DynamicAssetFourRegionSelectorTests" time="0.0"/>
  <system-out><![CDATA[]]></system-out>
  <system-err><![CDATA[WARNING: A Java agent has been loaded dynamically (/Users/flicker_soul/.gradle/caches/modules-2/files-2.1/net.bytebuddy/byte-buddy-agent/1.14.6/46e2545d7a97b6ccb195621650c5957279eb4812/byte-buddy-agent-1.14.6.jar)
WARNING: If a serviceability tool is in use, please run with -XX:+EnableDynamicAgentLoading to hide this warning
WARNING: If a serviceability tool is not in use, please run with -Djdk.instrument.traceUsage for more information
WARNING: Dynamic loading of agents will be disallowed by default in a future release
]]></system-err>
</testsuite>
