<?xml version="1.0" encoding="UTF-8"?>
<testsuite name="o.s.mapnavigation.MapUtilsTest" tests="1" skipped="0" failures="0" errors="0" timestamp="2024-02-29T22:31:45" hostname="192.168.1.129" time="0.001">
  <properties/>
  <testcase name="testGetCompassDirection" classname="o.s.mapnavigation.MapUtilsTest" time="0.001"/>
  <system-out><![CDATA[]]></system-out>
  <system-err><![CDATA[]]></system-err>
</testsuite>
